<?xml version="1.0" encoding="UTF-8"?>
<testng-results skipped="0" failed="0" total="1" passed="1">
  <reporter-output>
  </reporter-output>
  <suite name="Default Suite" duration-ms="159946" started-at="2020-07-28T12:03:48Z" finished-at="2020-07-28T12:06:28Z">
    <groups>
    </groups>
    <test name="automation" duration-ms="159946" started-at="2020-07-28T12:03:48Z" finished-at="2020-07-28T12:06:28Z">
      <class name="com.testng0714.HomeWork">
        <test-method status="PASS" signature="openBrowser()[pri:0, instance:com.testng0714.HomeWork@5ebec15]" name="openBrowser" is-config="true" duration-ms="156776" started-at="2020-07-28T20:03:48Z" finished-at="2020-07-28T20:06:25Z">
          <reporter-output>
          </reporter-output>
        </test-method> <!-- openBrowser -->
        <test-method status="PASS" signature="testCase01()[pri:0, instance:com.testng0714.HomeWork@5ebec15]" name="testCase01" duration-ms="2005" started-at="2020-07-28T20:06:25Z" finished-at="2020-07-28T20:06:27Z">
          <reporter-output>
          </reporter-output>
        </test-method> <!-- testCase01 -->
        <test-method status="PASS" signature="quitBrowser()[pri:0, instance:com.testng0714.HomeWork@5ebec15]" name="quitBrowser" is-config="true" duration-ms="1146" started-at="2020-07-28T20:06:27Z" finished-at="2020-07-28T20:06:28Z">
          <reporter-output>
          </reporter-output>
        </test-method> <!-- quitBrowser -->
      </class> <!-- com.testng0714.HomeWork -->
    </test> <!-- automation -->
  </suite> <!-- Default Suite -->
</testng-results>
